android/app/build/intermediates/manifest_merge_blame_file/release/manifest-merger-blame-release-report.txt
1<?xml version="1.0" encoding="utf-8"?>
2<manifest xmlns:android="http://schemas.android.com/apk/res/android"
3    package="com.native_rent_fyp2"
4    android:versionCode="1"
5    android:versionName="1.0" >
6
7    <uses-sdk
8        android:minSdkVersion="16"
8-->src\main\AndroidManifest.xml
9        android:targetSdkVersion="28" />
9-->src\main\AndroidManifest.xml
10
11    <uses-permission android:name="android.permission.INTERNET" />
11-->src\main\AndroidManifest.xml:4:5-67
11-->src\main\AndroidManifest.xml:4:22-64
12
13    <queries>
13-->[:react-native-image-crop-picker] AndroidManifest.xml:10:5-14:15
14        <intent>
14-->[:react-native-image-crop-picker] AndroidManifest.xml:11:9-13:18
15            <action android:name="android.media.action.IMAGE_CAPTURE" />
15-->[:react-native-image-crop-picker] AndroidManifest.xml:12:13-73
15-->[:react-native-image-crop-picker] AndroidManifest.xml:12:21-70
16        </intent>
17    </queries>
18
19    <uses-permission android:name="android.permission.WRITE_EXTERNAL_STORAGE" />
19-->[:react-native-image-crop-picker] AndroidManifest.xml:16:5-81
19-->[:react-native-image-crop-picker] AndroidManifest.xml:16:22-78
20
21    <application
21-->src\main\AndroidManifest.xml:6:5-26:19
22        android:name="com.native_rent_fyp2.MainApplication"
22-->src\main\AndroidManifest.xml:7:9-40
23        android:allowBackup="false"
23-->src\main\AndroidManifest.xml:8:9-36
24        android:appComponentFactory="androidx.core.app.CoreComponentFactory"
24-->[androidx.core:core:1.1.0] AndroidManifest.xml:24:18-86
25        android:icon="@mipmap/ic_launcher"
25-->src\main\AndroidManifest.xml:9:9-43
26        android:label="@string/app_name"
26-->src\main\AndroidManifest.xml:10:9-41
27        android:roundIcon="@mipmap/ic_launcher_round"
27-->src\main\AndroidManifest.xml:11:9-54
28        android:theme="@style/AppTheme" >
28-->src\main\AndroidManifest.xml:12:9-40
29        <activity
29-->src\main\AndroidManifest.xml:14:9-23:20
30            android:name="com.native_rent_fyp2.MainActivity"
30-->src\main\AndroidManifest.xml:15:13-41
31            android:configChanges="keyboard|keyboardHidden|orientation|screenSize"
31-->src\main\AndroidManifest.xml:16:13-83
32            android:label="@string/app_name"
32-->src\main\AndroidManifest.xml:17:13-45
33            android:windowSoftInputMode="adjustResize" >
33-->src\main\AndroidManifest.xml:18:13-55
34            <intent-filter>
34-->src\main\AndroidManifest.xml:19:13-22:29
35                <action android:name="android.intent.action.MAIN" />
35-->src\main\AndroidManifest.xml:20:17-69
35-->src\main\AndroidManifest.xml:20:25-66
36
37                <category android:name="android.intent.category.LAUNCHER" />
37-->src\main\AndroidManifest.xml:21:17-77
37-->src\main\AndroidManifest.xml:21:27-74
38            </intent-filter>
39        </activity>
40        <activity android:name="com.facebook.react.devsupport.DevSettingsActivity" />
40-->src\main\AndroidManifest.xml:25:9-86
40-->src\main\AndroidManifest.xml:25:19-83
41
42        <provider
42-->[:react-native-image-crop-picker] AndroidManifest.xml:19:9-27:20
43            android:name="androidx.core.content.FileProvider"
43-->[:react-native-image-crop-picker] AndroidManifest.xml:20:13-62
44            android:authorities="com.native_rent_fyp2.provider"
44-->[:react-native-image-crop-picker] AndroidManifest.xml:21:13-60
45            android:exported="false"
45-->[:react-native-image-crop-picker] AndroidManifest.xml:22:13-37
46            android:grantUriPermissions="true" >
46-->[:react-native-image-crop-picker] AndroidManifest.xml:23:13-47
47            <meta-data
47-->[:react-native-image-crop-picker] AndroidManifest.xml:24:13-26:58
48                android:name="android.support.FILE_PROVIDER_PATHS"
48-->[:react-native-image-crop-picker] AndroidManifest.xml:25:17-67
49                android:resource="@xml/provider_paths" />
49-->[:react-native-image-crop-picker] AndroidManifest.xml:26:17-55
50        </provider>
51
52        <activity
52-->[:react-native-image-crop-picker] AndroidManifest.xml:29:9-31:72
53            android:name="com.yalantis.ucrop.UCropActivity"
53-->[:react-native-image-crop-picker] AndroidManifest.xml:30:13-60
54            android:theme="@style/Theme.AppCompat.Light.NoActionBar" />
54-->[:react-native-image-crop-picker] AndroidManifest.xml:31:13-69
55    </application>
56
57</manifest>